<?xml version="1.0" encoding="UTF-8"?>
<!-- Generated by org.testng.reporters.JUnitReportReporter -->
<testsuite hostname="DESKTOP-TBLA2PR" failures="0" tests="1" name="org.wipro.automation.fb.baseclass.InitiateBrowser" time="10.963" errors="0" timestamp="2023-07-26T07:19:47 IST" skipped="0">
  <testcase classname="org.wipro.automation.fb.baseclass.InitiateBrowser" name="launchBrowser" time="10.963"/>
  <system-out/>
</testsuite> <!-- org.wipro.automation.fb.baseclass.InitiateBrowser -->
