<?xml version="1.0" encoding="UTF-8"?>
<!-- Generated by org.testng.reporters.JUnitReportReporter -->
<testsuite hostname="DESKTOP-TBLA2PR" failures="0" tests="2" name="org.xyz.automation.FirstAutomation" time="12.233" errors="0" timestamp="2023-07-25T07:42:00 IST" skipped="1">
  <testcase classname="org.xyz.automation.FirstAutomation" name="signupfunctionality" time="12.233"/>
  <system-out/>
  <testcase classname="org.xyz.automation.FirstAutomation" name="loginfunctionality">
    <skipped/>
  </testcase> <!-- loginfunctionality -->
  <system-out/>
</testsuite> <!-- org.xyz.automation.FirstAutomation -->
