<?xml version="1.0" encoding="UTF-8"?>
<!-- Generated by org.testng.reporters.JUnitReportReporter -->
<testsuite hostname="DESKTOP-TBLA2PR" failures="0" tests="1" name="org.wipro.automation.fb.testcases.ValidateSignupScenario" time="8.035" errors="0" timestamp="2023-07-26T07:58:00 IST" skipped="0">
  <testcase classname="org.wipro.automation.fb.testcases.ValidateSignupScenario" name="tc02_validatesignupfunctionality" time="8.035"/>
  <system-out/>
</testsuite> <!-- org.wipro.automation.fb.testcases.ValidateSignupScenario -->
