<?xml version="1.0" encoding="UTF-8"?>
<!-- Generated by org.testng.reporters.JUnitReportReporter -->
<testsuite hostname="DESKTOP-TBLA2PR" failures="0" tests="2" name="org.xyz.automation.FirstAutomation" time="9.086" errors="0" timestamp="2023-07-26T08:11:20 IST" skipped="1">
  <testcase classname="org.xyz.automation.FirstAutomation" name="signupfunctionality" time="9.086"/>
  <system-out/>
  <testcase classname="org.xyz.automation.FirstAutomation" name="loginfunctionality">
    <skipped/>
  </testcase> <!-- loginfunctionality -->
  <system-out/>
</testsuite> <!-- org.xyz.automation.FirstAutomation -->
